------------------------------------------------------------------------        
|                     Welcome to the Plane Log!                        |        
------------------------------------------------------------------------        
 PlaneID     Status     Request Time    Runway Time     Turnaround Time         
 -------     ------     ------------    -----------     ---------------         
   304			L		17:30:50 		 17:30:52       2 secs 
   306			L		17:30:50 		 17:30:54       4 secs 
   308			L		17:30:52 		 17:30:56       4 secs 
   310			L		17:30:54 		 17:30:58       4 secs 
   312			L		17:30:56 		 17:31:00       4 secs 
   314			L		17:30:57 		 17:31:02       5 secs 
   1923			D		17:30:50 		 17:31:04       14 secs 
   316			L		17:31:01 		 17:31:06       5 secs 
   1925			D		17:30:53 		 17:31:08       15 secs 
   318			L		17:31:04 		 17:31:10       6 secs 
   1927			D		17:30:55 		 17:31:12       17 secs 
   320			L		17:31:05 		 17:31:14       9 secs 
   1929			D		17:30:58 		 17:31:16       18 secs 
   322			L		17:31:08 		 17:31:18       10 secs 
   1931			D		17:30:59 		 17:31:20       21 secs 
   324			L		17:31:09 		 17:31:22       13 secs 
   1933			D		17:31:00 		 17:31:24       24 secs 
   326			L		17:31:10 		 17:31:26       16 secs 
   1935			D		17:31:02 		 17:31:28       26 secs 
   328			L		17:31:11 		 17:31:30       19 secs 
   1937			D		17:31:03 		 17:31:32       29 secs 
   342			E		17:31:31 		 17:31:34       3 secs 
   330			L		17:31:17 		 17:31:36       19 secs 
   1939			D		17:31:06 		 17:31:38       32 secs 
   332			L		17:31:19 		 17:31:40       21 secs 
   1941			D		17:31:07 		 17:31:42       35 secs 
   334			L		17:31:23 		 17:31:44       21 secs 
   1943			D		17:31:12 		 17:31:46       34 secs 
   336			L		17:31:24 		 17:31:48       24 secs 
   1945			D		17:31:13 		 17:31:50       37 secs 
