------------------------------------------------------------------------       
|                     Welcome to the Runway Log!                       |       
------------------------------------------------------------------------       
|          Initial 3 records show the runway getting ready..           |       
------------------------------------------------------------------------       
At time 17:30:50
Waiting on Air: 304
Waiting on Ground: 1923

At time 17:30:50
Waiting on Air: 304
Waiting on Ground: 1923

At time 17:30:50
Waiting on Air: 306
Waiting on Ground: 1923

At time 17:30:52
Waiting on Air: 306
Waiting on Ground: 1923

At time 17:30:53
Waiting on Air: 308
Waiting on Ground: 1923

At time 17:30:54
Waiting on Air: 308
Waiting on Ground: 1923

At time 17:30:55
Waiting on Air: 310
Waiting on Ground: 1923 1925

At time 17:30:56
Waiting on Air: 310
Waiting on Ground: 1923 1925

At time 17:30:57
Waiting on Air: 312
Waiting on Ground: 1923 1925

At time 17:30:58
Waiting on Air: 312
Waiting on Ground: 1923 1925

At time 17:30:59
Waiting on Air: 314
Waiting on Ground: 1923 1925 1927

At time 17:31:00
Waiting on Air: 314
Waiting on Ground: 1923 1925 1927

At time 17:31:01
Waiting on Air: 316
Waiting on Ground: 1923 1925 1927

At time 17:31:02
Waiting on Air: 316
Waiting on Ground: 1923 1925 1927 1929

At time 17:31:03
Waiting on Air: 316
Waiting on Ground: 1925 1927 1929 1931

At time 17:31:04
Waiting on Air: 316
Waiting on Ground: 1925 1927 1929 1931

At time 17:31:05
Waiting on Air: 318
Waiting on Ground: 1925 1927 1929 1931

At time 17:31:06
Waiting on Air: 318
Waiting on Ground: 1925 1927 1929 1931

At time 17:31:07
Waiting on Air: 318
Waiting on Ground: 1927 1929 1931 1933

At time 17:31:08
Waiting on Air: 318 320
Waiting on Ground: 1927 1929 1931 1933

At time 17:31:09
Waiting on Air: 320 322
Waiting on Ground: 1927 1929 1931 1933

At time 17:31:10
Waiting on Air: 320 322
Waiting on Ground: 1927 1929 1931 1933

At time 17:31:11
Waiting on Air: 320 322 324
Waiting on Ground: 1929 1931 1933 1935

At time 17:31:12
Waiting on Air: 320 322 324
Waiting on Ground: 1929 1931 1933 1935

At time 17:31:13
Waiting on Air: 322 324
Waiting on Ground: 1929 1931 1933 1935 1937

At time 17:31:14
Waiting on Air: 322 324
Waiting on Ground: 1929 1931 1933 1935 1937

At time 17:31:15
Waiting on Air: 322 324
Waiting on Ground: 1931 1933 1935 1937 1939

At time 17:31:16
Waiting on Air: 322 324
Waiting on Ground: 1931 1933 1935 1937 1939 1941

At time 17:31:17
Waiting on Air: 324 326
Waiting on Ground: 1931 1933 1935 1937 1939 1941

At time 17:31:18
Waiting on Air: 324 326
Waiting on Ground: 1931 1933 1935 1937 1939 1941

At time 17:31:19
Waiting on Air: 324 326 328
Waiting on Ground: 1933 1935 1937 1939 1941 1943

At time 17:31:20
Waiting on Air: 324 326 328
Waiting on Ground: 1933 1935 1937 1939 1941 1943

At time 17:31:21
Waiting on Air: 326 328
Waiting on Ground: 1933 1935 1937 1939 1941 1943 1945

At time 17:31:22
Waiting on Air: 326 328
Waiting on Ground: 1933 1935 1937 1939 1941 1943 1945

At time 17:31:23
Waiting on Air: 326 328 330
Waiting on Ground: 1935 1937 1939 1941 1943 1945 1947

At time 17:31:24
Waiting on Air: 326 328 330
Waiting on Ground: 1935 1937 1939 1941 1943 1945 1947

At time 17:31:25
Waiting on Air: 328 330 332
Waiting on Ground: 1935 1937 1939 1941 1943 1945 1947

At time 17:31:26
Waiting on Air: 328 330 332
Waiting on Ground: 1935 1937 1939 1941 1943 1945 1947

At time 17:31:27
Waiting on Air: 328 330 332
Waiting on Ground: 1937 1939 1941 1943 1945 1947 1949

At time 17:31:28
Waiting on Air: 328 330 332
Waiting on Ground: 1937 1939 1941 1943 1945 1947 1949 1951

At time 17:31:29
Waiting on Air: 330 332 334
Waiting on Ground: 1937 1939 1941 1943 1945 1947 1949 1951

At time 17:31:30
Waiting on Air: 330 332 334
Waiting on Ground: 1937 1939 1941 1943 1945 1947 1949 1951

At time 17:31:31
Waiting on Air: 330 332 334 336
Waiting on Ground: 1939 1941 1943 1945 1947 1949 1951 1953

At time 17:31:32
Waiting on Air: 330 332 334 336
Waiting on Ground: 1939 1941 1943 1945 1947 1949 1951 1953

At time 17:31:33
Waiting on Air: 330 332 334
Waiting on Ground: 1939 1941 1943 1945 1947 1949 1951 1953 1955

At time 17:31:34
Waiting on Air: 330 332 334
Waiting on Ground: 1939 1941 1943 1945 1947 1949 1951 1953 1955

At time 17:31:35
Waiting on Air: 332 334 336
Waiting on Ground: 1939 1941 1943 1945 1947 1949 1951 1953 1955 1957

At time 17:31:36
Waiting on Air: 332 334 336
Waiting on Ground: 1939 1941 1943 1945 1947 1949 1951 1953 1955 1957

At time 17:31:37
Waiting on Air: 332 334 336
Waiting on Ground: 1941 1943 1945 1947 1949 1951 1953 1955 1957 1959

At time 17:31:38
Waiting on Air: 332 334 336
Waiting on Ground: 1941 1943 1945 1947 1949 1951 1953 1955 1957 1959

At time 17:31:39
Waiting on Air: 334 336 338
Waiting on Ground: 1941 1943 1945 1947 1949 1951 1953 1955 1957 1959

At time 17:31:40
Waiting on Air: 334 336 338 340
Waiting on Ground: 1941 1943 1945 1947 1949 1951 1953 1955 1957 1959

At time 17:31:41
Waiting on Air: 334 336 338 340
Waiting on Ground: 1943 1945 1947 1949 1951 1953 1955 1957 1959 1961

At time 17:31:42
Waiting on Air: 334 336 338 340
Waiting on Ground: 1943 1945 1947 1949 1951 1953 1955 1957 1959 1961

At time 17:31:43
Waiting on Air: 336 338 340 344
Waiting on Ground: 1943 1945 1947 1949 1951 1953 1955 1957 1959 1961

At time 17:31:44
Waiting on Air: 336 338 340 344 346
Waiting on Ground: 1943 1945 1947 1949 1951 1953 1955 1957 1959 1961

At time 17:31:45
Waiting on Air: 336 338 340 344 346
Waiting on Ground: 1945 1947 1949 1951 1953 1955 1957 1959 1961 1963

At time 17:31:46
Waiting on Air: 336 338 340 344 346 348
Waiting on Ground: 1945 1947 1949 1951 1953 1955 1957 1959 1961 1963

At time 17:31:47
Waiting on Air: 338 340 344 346 348 350
Waiting on Ground: 1945 1947 1949 1951 1953 1955 1957 1959 1961 1963

At time 17:31:48
Waiting on Air: 338 340 344 346 348 350
Waiting on Ground: 1945 1947 1949 1951 1953 1955 1957 1959 1961 1963

At time 17:31:49
Waiting on Air: 338 340 344 346 348 350
Waiting on Ground: 1947 1949 1951 1953 1955 1957 1959 1961 1963 1965

At time 17:31:50
Waiting on Air: 338 340 344 346 348 350
Waiting on Ground: 1947 1949 1951 1953 1955 1957 1959 1961 1963 1965

